<?xml version="1.0" encoding="UTF-8"?>
<!-- Generated by org.testng.reporters.JUnitReportReporter -->
<testsuite hostname="DESKTOP-US9O7O0" failures="0" tests="2" name="com.docker.selenoid.selenoiddockertest.RunSelenoidTest" time="65.415" errors="0" timestamp="2023-03-03T21:07:27 CST" skipped="0">
  <testcase classname="com.docker.selenoid.selenoiddockertest.RunSelenoidTest" name="selenoidFirefoxTest" time="40.583"/>
  <system-out/>
  <testcase classname="com.docker.selenoid.selenoiddockertest.RunSelenoidTest" name="selenoidChromeTest" time="24.832"/>
  <system-out/>
</testsuite> <!-- com.docker.selenoid.selenoiddockertest.RunSelenoidTest -->
